<?xml version="1.0" encoding="UTF-8"?>
<!-- Generated by org.testng.reporters.JUnitXMLReporter -->
<testsuite hostname="Ravi-PC" ignored="0" name="API Testing" tests="10" failures="0" timestamp="17 May 2020 10:29:29 GMT" time="8.24" errors="0">
  <testcase name="checkContentTypeAll" time="0.016" classname="com.qa.tests.getAllEmpRecords"/>
  <testcase name="checkContentType" time="0.032" classname="com.qa.tests.getSingleUserWithId"/>
  <testcase name="checkResponseBodyAll" time="0.124" classname="com.qa.tests.getAllEmpRecords"/>
  <testcase name="checkResponseBody" time="0.14" classname="com.qa.tests.getSingleUserWithId"/>
  <testcase name="checkServerType" time="0.0" classname="com.qa.tests.getSingleUserWithId"/>
  <testcase name="checkStatusCode" time="0.0" classname="com.qa.tests.getSingleUserWithId"/>
  <testcase name="checkStatusLine" time="0.0" classname="com.qa.tests.getSingleUserWithId"/>
  <testcase name="checkServerTypeAll" time="0.0" classname="com.qa.tests.getAllEmpRecords"/>
  <testcase name="checkStatusCodeAll" time="0.0" classname="com.qa.tests.getAllEmpRecords"/>
  <testcase name="checkStatusLineAll" time="0.015" classname="com.qa.tests.getAllEmpRecords"/>
</testsuite> <!-- API Testing -->
